<?xml version="1.0" encoding="UTF-8"?>
<!-- Generated by org.testng.reporters.JUnitReportReporter -->
<testsuite skipped="0" hostname="WKWIN9865348" name="Amaze.LoginPage" tests="1" failures="0" timestamp="02 Mar 2022 07:22:25 GMT" time="6.517" errors="0">
  <testcase name="SignIn" time="6.517" classname="Amaze.LoginPage"/>
</testsuite> <!-- Amaze.LoginPage -->
