<?xml version="1.0" encoding="UTF-8"?>
<!-- Generated by org.testng.reporters.JUnitReportReporter -->
<testsuite skipped="0" hostname="WKWIN9865348" name="Amaze.LoginPage" tests="1" failures="0" timestamp="03 Mar 2022 07:14:03 GMT" time="8.401" errors="0">
  <testcase name="SignIn" time="8.401" classname="Amaze.LoginPage"/>
</testsuite> <!-- Amaze.LoginPage -->
